[debug] [2023-06-15T16:08:29.197Z] ----------------------------------------------------------------------
[debug] [2023-06-15T16:08:29.200Z] Command:       C:\Program Files\nodejs\node.exe C:\Users\NANDANI\AppData\Roaming\npm\node_modules\firebase-tools\lib\bin\firebase.js init
[debug] [2023-06-15T16:08:29.201Z] CLI Version:   11.22.0
[debug] [2023-06-15T16:08:29.201Z] Platform:      win32
[debug] [2023-06-15T16:08:29.201Z] Node Version:  v18.15.0
[debug] [2023-06-15T16:08:29.203Z] Time:          Thu Jun 15 2023 21:38:29 GMT+0530 (India Standard Time)
[debug] [2023-06-15T16:08:29.203Z] ----------------------------------------------------------------------
[debug] 
[debug] [2023-06-15T16:08:29.312Z] > command requires scopes: ["email","openid","https://www.googleapis.com/auth/cloudplatformprojects.readonly","https://www.googleapis.com/auth/firebase","https://www.googleapis.com/auth/cloud-platform"]
[debug] [2023-06-15T16:08:29.313Z] > authorizing via signed-in user (nandanipatel1406@gmail.com)
[info] 
     ######## #### ########  ######## ########     ###     ######  ########
     ##        ##  ##     ## ##       ##     ##  ##   ##  ##       ##
     ######    ##  ########  ######   ########  #########  ######  ######
     ##        ##  ##    ##  ##       ##     ## ##     ##       ## ##
     ##       #### ##     ## ######## ########  ##     ##  ######  ########

You're about to initialize a Firebase project in this directory:

  D:\Sample - Projects\WEB\Portfolio

Before we get started, keep in mind:

  * You are initializing within an existing Firebase project directory

[info] 
=== Project Setup
[info] 
[info] First, let's associate this project directory with a Firebase project.
[info] You can create multiple project aliases by running firebase use --add, 
[info] but for now we'll just set up a default project.
[info] 
[debug] [2023-06-15T16:08:38.492Z] Using project from CLI flag: nandaniiipatel
[debug] [2023-06-15T16:08:38.495Z] >>> [apiv2][query] GET https://firebase.googleapis.com/v1beta1/projects/nandaniiipatel [none]
[debug] [2023-06-15T16:08:39.389Z] <<< [apiv2][status] GET https://firebase.googleapis.com/v1beta1/projects/nandaniiipatel 200
[debug] [2023-06-15T16:08:39.389Z] <<< [apiv2][body] GET https://firebase.googleapis.com/v1beta1/projects/nandaniiipatel {"projectId":"nandaniiipatel","projectNumber":"1062799345101","displayName":"Nandaniiipatel","name":"projects/nandaniiipatel","resources":{"hostingSite":"nandaniiipatel"},"state":"ACTIVE","etag":"1_df5062a2-23ec-4574-9319-ff7d24ef52ec"}
[info] i  Using project nandaniiipatel (Nandaniiipatel) 
[info] 
=== Hosting Setup
[info] 
[info] Your public directory is the folder (relative to your project directory) that
[info] will contain Hosting assets to be uploaded with firebase deploy. If you
[info] have a build process for your assets, use your build's output directory.
[info] 
[debug] [2023-06-15T16:08:51.711Z] >>> [apiv2][query] GET https://www.gstatic.com/firebasejs/releases.json [none]
[debug] [2023-06-15T16:08:52.183Z] <<< [apiv2][status] GET https://www.gstatic.com/firebasejs/releases.json 200
[debug] [2023-06-15T16:08:52.183Z] <<< [apiv2][body] GET https://www.gstatic.com/firebasejs/releases.json {"current":{"version":"9.22.2","browserURL":"https://www.gstatic.com/firebasejs/9.22.2/firebase.js","packageURL":"https://www.gstatic.com/firebasejs/9.22.2/firebase.tgz"},"live":{"version":"9.22","browserURL":"https://www.gstatic.com/firebasejs/live/9.22/firebase.js","packageURL":"https://www.gstatic.com/firebasejs/live/9.22/firebase.tgz"},"components":{"analytics":"https://www.gstatic.com/firebasejs/9.22.2/firebase-analytics.js","app":"https://www.gstatic.com/firebasejs/9.22.2/firebase-app.js","app-check":"https://www.gstatic.com/firebasejs/9.22.2/firebase-app-check.js","auth":"https://www.gstatic.com/firebasejs/9.22.2/firebase-auth.js","auth/cordova":"https://www.gstatic.com/firebasejs/9.22.2/firebase-auth/cordova.js","auth/react-native":"https://www.gstatic.com/firebasejs/9.22.2/firebase-auth/react-native.js","functions":"https://www.gstatic.com/firebasejs/9.22.2/firebase-functions.js","firestore":"https://www.gstatic.com/firebasejs/9.22.2/firebase-firestore.js","firestore/lite":"https://www.gstatic.com/firebasejs/9.22.2/firebase-firestore/lite.js","installations":"https://www.gstatic.com/firebasejs/9.22.2/firebase-installations.js","storage":"https://www.gstatic.com/firebasejs/9.22.2/firebase-storage.js","performance":"https://www.gstatic.com/firebasejs/9.22.2/firebase-performance.js","remote-config":"https://www.gstatic.com/firebasejs/9.22.2/firebase-remote-config.js","messaging":"https://www.gstatic.com/firebasejs/9.22.2/firebase-messaging.js","messaging/sw":"https://www.gstatic.com/firebasejs/9.22.2/firebase-messaging/sw.js","database":"https://www.gstatic.com/firebasejs/9.22.2/firebase-database.js","firestore.memory":"https://www.gstatic.com/firebasejs/9.22.2/firebase-firestore.memory.js"}}
[info] +  Wrote build/index.html 
[info] 
[info] i  Detected a .git folder at D:\Sample - Projects\WEB\Portfolio 
[info] i  Authorizing with GitHub to upload your service account to a GitHub repository's secrets store. 
[info] 
[info] Visit this URL on this device to log in:
[info] https://github.com/login/oauth/authorize?client_id=89cf50f02ac6aaed3484&state=822453047&redirect_uri=http%3A%2F%2Flocalhost%3A9005&scope=read%3Auser%20repo%20public_repo
[info] 
[info] Waiting for authentication...
[debug] [2023-06-15T16:09:07.448Z] >>> [apiv2][query] POST https://github.com/login/oauth/access_token [none]
[debug] [2023-06-15T16:09:07.448Z] >>> [apiv2][body] POST https://github.com/login/oauth/access_token [stream]
[debug] [2023-06-15T16:09:19.216Z] <<< [apiv2][status] POST https://github.com/login/oauth/access_token 200
[debug] [2023-06-15T16:09:19.216Z] <<< [apiv2][body] POST https://github.com/login/oauth/access_token {"access_token":"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","token_type":"bearer","scope":"read:user,repo"}
[debug] [2023-06-15T16:09:19.226Z] >>> [apiv2][query] GET https://api.github.com/user [none]
[debug] [2023-06-15T16:09:30.993Z] <<< [apiv2][status] GET https://api.github.com/user 200
[debug] [2023-06-15T16:09:30.993Z] <<< [apiv2][body] GET https://api.github.com/user {"login":"Nandanipatel","id":91383410,"node_id":"MDQ6VXNlcjkxMzgzNDEw","avatar_url":"https://avatars.githubusercontent.com/u/91383410?v=4","gravatar_id":"","url":"https://api.github.com/users/Nandanipatel","html_url":"https://github.com/Nandanipatel","followers_url":"https://api.github.com/users/Nandanipatel/followers","following_url":"https://api.github.com/users/Nandanipatel/following{/other_user}","gists_url":"https://api.github.com/users/Nandanipatel/gists{/gist_id}","starred_url":"https://api.github.com/users/Nandanipatel/starred{/owner}{/repo}","subscriptions_url":"https://api.github.com/users/Nandanipatel/subscriptions","organizations_url":"https://api.github.com/users/Nandanipatel/orgs","repos_url":"https://api.github.com/users/Nandanipatel/repos","events_url":"https://api.github.com/users/Nandanipatel/events{/privacy}","received_events_url":"https://api.github.com/users/Nandanipatel/received_events","type":"User","site_admin":false,"name":"Nandani ","company":null,"blog":"https://linktr.ee/nandanii_14","location":"Ahmedabad - India","email":null,"hireable":null,"bio":"Neophyte, dedicated to improving skills","twitter_username":"Nandani_1406","public_repos":19,"public_gists":2,"followers":15,"following":10,"created_at":"2021-09-25T15:38:33Z","updated_at":"2023-06-15T10:56:53Z","private_gists":0,"total_private_repos":6,"owned_private_repos":6,"disk_usage":22843,"collaborators":0,"two_factor_authentication":false,"plan":{"name":"pro","space":976562499,"collaborators":0,"private_repos":9999}}
[info] 
[info] +  Success! Logged into GitHub as Nandanipatel 
[info] 
